

## âœï¸ ì¡°íšŒ ê¸°ëŠ¥ ëª©ë¡

- í¬ì¸íŠ¸ ì”ì•¡ ì¡°íšŒ
- ë³´ìœ  ì¿ í° ëª©ë¡ ì¡°íšŒ
- ìƒí’ˆ ì¡°íšŒ
- ì¸ê¸° ìƒí’ˆ ì¡°íšŒ

## â“ ì˜ˆìƒ ë³‘ëª© ì§€ì 

- í¬ì¸íŠ¸ ì”ì•¡ ì¡°íšŒ (âŒ)

    - ì‚¬ìš©ì PK (í´ëŸ¬ìŠ¤í„°ë§ ì¸ë±ìŠ¤) ê¸°ë°˜ìœ¼ë¡œ ìƒí’ˆì„ ì¡°íšŒí•˜ê¸° ë•Œë¬¸ì— ë³‘ëª© ë°œìƒí•  ê°€ëŠ¥ì„± ë§¤ìš° ì ìŒ
    - ë³„ë„ë¡œ ê³ ìœ í•œ ì‚¬ìš©ì ì‹ë³„ìë¥¼ ì‚¬ìš©í•œë‹¤ë©´ Unique ì¸ë±ìŠ¤ ì„¤ì •í•˜ì—¬ í•´ê²° (ë°ì´í„° ì¼ê´€ì„± + ì¡°íšŒ ì„±ëŠ¥)
    - e.g. UUID v4 (ğŸ¢) / UUID v7 (ğŸš€)

- ë³´ìœ  ì¿ í° ëª©ë¡ ì¡°íšŒ (âŒ)

    - ì‚¬ìš©ì FK (ë…¼ í´ëŸ¬ìŠ¤í„°ë§ ì¸ë±ìŠ¤) ê¸°ë°˜ìœ¼ë¡œ ìƒí’ˆì„ ì¡°íšŒí•˜ê¸° ë•Œë¬¸ì— ë³‘ëª© ë°œìƒí•  ê°€ëŠ¥ì„± ì ìŒ

- ìƒí’ˆ ì¡°íšŒ (âŒ)

    - ìƒí’ˆ PK (í´ëŸ¬ìŠ¤í„°ë§ ì¸ë±ìŠ¤) ê¸°ë°˜ìœ¼ë¡œ ìƒí’ˆì„ ì¡°íšŒí•˜ê¸° ë•Œë¬¸ì— ë³‘ëª© ë°œìƒí•  ê°€ëŠ¥ì„± ë§¤ìš° ì ìŒ
    - ë³„ë„ë¡œ ê³ ìœ í•œ ìƒí’ˆë²ˆí˜¸ë¥¼ ì‚¬ìš©í•œë‹¤ë©´ Unique ì¸ë±ìŠ¤ ì„¤ì •í•˜ì—¬ í•´ê²° (ë°ì´í„° ì¼ê´€ì„± + ì¡°íšŒ ì„±ëŠ¥)
    - e.g. UUID v4 (ğŸ¢) / UUID v7 (ğŸš€)

- ì¸ê¸° ìƒí’ˆ ì¡°íšŒ (âœ…)

    - ì£¼ë¬¸ í†µê³„ í…Œì´ë¸”ì—ì„œ ë³µì¡í•œ ì¿¼ë¦¬ë¥¼ í†µí•´ ê°€ì ¸ì˜¤ê¸° ë•Œë¬¸ì— ë°ì´í„°ê°€ ìŒ“ì´ë©´ ë³‘ëª© ë°œìƒí•  ê°€ëŠ¥ì„± ë§¤ìš° ë†í›„

## ë°ì´í„° ì„¸íŒ…

- JPAì˜ Stateless Session + instancio ë¼ì´ë¸ŒëŸ¬ë¦¬ í™œìš©
```java
@Slf4j
@Component
@RequiredArgsConstructor
public class BatchComponent {
    private final EntityManagerFactory entityManagerFactory;

    @EventListener(ApplicationReadyEvent.class)
    public void batch() {
        SessionFactory sessionFactory = entityManagerFactory.unwrap(SessionFactory.class);
        StatelessSession statelessSession = sessionFactory.openStatelessSession();
        Transaction tx = statelessSession.beginTransaction();

        try {
            for (int i = 1; i < 1_000_000; i++) {
                LocalDateTime start = LocalDateTime.of(2020, 1, 1, 0, 0);
                LocalDateTime end = LocalDateTime.of(2025, 12, 31, 23, 59);
                ProductEntity productEntity = Instancio.of(ProductEntity.class)
                        .set(field(ProductEntity::getProductId), (long) i)
                        .generate(field(ProductEntity::getName), gen -> gen.string().prefix("ìƒí’ˆ").length(20))
                        .generate(field(ProductEntity::getPrice), gen -> gen.longs().min(10000L).max(300000L))
                        .generate(field(ProductEntity::getQuantity), gen -> gen.ints().min(10).max(30))
                        .generate(field(ProductEntity::getCreatedAt), gen -> gen.temporal().localDateTime().range(start, end))
                        .create();

                statelessSession.insert(productEntity);
            }
            tx.commit();
        } catch (Exception e) {
            tx.rollback();
            throw e;
        } finally {
            statelessSession.close();
        }
    }
}
```

## í…ŒìŠ¤íŠ¸ ì§„í–‰

### SQL
```mysql
SELECT
    P.product_id
    , P.name
    , P.price
    , P.quantity
FROM
    ORDER_STATISTICS OS
INNER JOIN
    PRODUCT P
ON 
    OS.product_id = P.product_id
WHERE
    OS.created_at >= '2020-01-01 00:00:00'
GROUP BY
    OS.product_id
ORDER BY
    SUM(OS.quantity) DESC
LIMIT
    100;
```

### [ì¸ë±ìŠ¤ ì ìš© ì „] ì‹¤í–‰ ê³„íš
- ì¸ë±ìŠ¤ë¥¼ ì‚¬ìš©í•˜ì§€ ì•Šê³  í…Œì´ë¸” í’€ ìŠ¤ìº”í•˜ì—¬ ê²€ìƒ‰ --> 9.498s ì†Œìš”
```
id|select_type|table|partitions|type  |possible_keys                  |key    |key_len|ref                 |rows   |filtered|Extra                                       |
--+-----------+-----+----------+------+-------------------------------+-------+-------+--------------------+-------+--------+--------------------------------------------+
 1|SIMPLE     |OS   |          |ALL   |order_statistics_product_id_IDX|       |       |                    |1819232|   33.33|Using where; Using temporary; Using filesort|
 1|SIMPLE     |P    |          |eq_ref|PRIMARY                        |PRIMARY|8      |hhplus.OS.product_id|      1|   100.0|                                            |
 
---
-> Limit: 100 row(s)  (actual time=9498..9498 rows=100 loops=1)
    -> Sort: `sum(OS.quantity)` DESC, limit input to 100 row(s) per chunk  (actual time=9498..9498 rows=100 loops=1)
        -> Table scan on <temporary>  (actual time=9313..9444 rows=864341 loops=1)
            -> Aggregate using temporary table  (actual time=9313..9313 rows=864340 loops=1)
                -> Nested loop inner join  (cost=578091 rows=606350) (actual time=0.182..3777 rows=2e+6 loops=1)
                    -> Filter: (OS.created_at >= TIMESTAMP'2020-01-01 00:00:00')  (cost=188476 rows=606350) (actual time=0.13..334 rows=2e+6 loops=1)
                        -> Table scan on OS  (cost=188476 rows=1.82e+6) (actual time=0.127..253 rows=2e+6 loops=1)
                    -> Single-row index lookup on P using PRIMARY (product_id=OS.product_id)  (cost=0.543 rows=1) (actual time=0.00163..0.00165 rows=1 loops=2e+6)
```

### [ì¸ë±ìŠ¤ ì ìš© í›„] ì‹¤í–‰ ê³„íš
- ë³µí•© ì¸ë±ìŠ¤ (created_at, product_id, quantity) ì„¤ì • í›„ ì¸ë±ìŠ¤ ë ˆì¸ì§€ ìŠ¤ìº”ìœ¼ë¡œ ë°”ë€Œì—ˆìœ¼ë‚˜ 9.498s --> 9.159s ë¡œ í¬ê²Œ í–¥ìƒë˜ì§€ ì•ŠìŒ
```
id|select_type|table|partitions|type  |possible_keys                                                  |key                            |key_len|ref                 |rows  |filtered|Extra                                                    |
--+-----------+-----+----------+------+---------------------------------------------------------------+-------------------------------+-------+--------------------+------+--------+---------------------------------------------------------+
 1|SIMPLE     |OS   |          |range |order_statistics_product_id_IDX,order_statistics_created_at_IDX|order_statistics_created_at_IDX|8      |                    |909616|   100.0|Using where; Using index; Using temporary; Using filesort|
 1|SIMPLE     |P    |          |eq_ref|PRIMARY                                                        |PRIMARY                        |8      |hhplus.OS.product_id|     1|   100.0|                                                         |

---
-> Limit: 100 row(s)  (actual time=9212..9212 rows=100 loops=1)
    -> Sort: `sum(OS.quantity)` DESC, limit input to 100 row(s) per chunk  (actual time=9212..9212 rows=100 loops=1)
        -> Table scan on <temporary>  (actual time=9029..9159 rows=864341 loops=1)
            -> Aggregate using temporary table  (actual time=9029..9029 rows=864340 loops=1)
                -> Nested loop inner join  (cost=594607 rows=909616) (actual time=0.079..3623 rows=2e+6 loops=1)
                    -> Filter: (OS.created_at >= TIMESTAMP'2020-01-01 00:00:00')  (cost=185029 rows=909616) (actual time=0.0562..351 rows=2e+6 loops=1)
                        -> Covering index range scan on OS using order_statistics_created_at_IDX over ('2020-01-01 00:00:00.000000' <= created_at)  (cost=185029 rows=909616) (actual time=0.053..276 rows=2e+6 loops=1)
                    -> Single-row index lookup on P using PRIMARY (product_id=OS.product_id)  (cost=0.35 rows=1) (actual time=0.00155..0.00156 rows=1 loops=2e+6)
```

### [SQL íŠœë‹] ì¡°ì¸ ì œê±°
- Product í…Œì´ë¸”ê³¼ì˜ ì¡°ì¸ì„ ì œê±°í•˜ê³  í•„ìš”í•œ product_id ê°’ì„ ê°€ì ¸ì™€ ë‹¤ì‹œ Product í…Œì´ë¸”ì— Query í•˜ëŠ” ì‹ìœ¼ë¡œ ë³€ê²½ 

- ì•½ 9.498s --> 2.9s ì´ˆë¡œ ë‹¨ì¶•

- MySQL ì—ì„œ ì¡°ì¸ì€ Nested Loop ë°©ì‹ìœ¼ë¡œ ì´ë¤„ì§€ê³  ìƒí’ˆ í…Œì´ë¸” ë¡œìš°ê°€ ì•½ 100ë§Œê±´ìœ¼ë¡œ ë§¤ìš° ë¦¬ì†ŒìŠ¤ë¥¼ ë§ì´ ì‚¬ìš©í•˜ëŠ” ê²ƒìœ¼ë¡œ ì¶”ì • (?)
```mysql
SELECT
    product_id
FROM
    ORDER_STATISTICS
WHERE
    created_at >= '2020-01-01 00:00:00'
GROUP BY
    product_id
ORDER BY
    SUM(quantity) DESC
LIMIT
    100;
```
```
id|select_type|table|partitions|type |possible_keys                                                  |key                            |key_len|ref|rows  |filtered|Extra                                                    |
--+-----------+-----+----------+-----+---------------------------------------------------------------+-------------------------------+-------+---+------+--------+---------------------------------------------------------+
 1|SIMPLE     |OS   |          |range|order_statistics_product_id_IDX,order_statistics_created_at_IDX|order_statistics_created_at_IDX|8      |   |909616|   100.0|Using where; Using index; Using temporary; Using filesort|

---
-> Limit: 100 row(s)  (actual time=2912..2912 rows=100 loops=1)
    -> Sort: `sum(OS.quantity)` DESC, limit input to 100 row(s) per chunk  (actual time=2912..2912 rows=100 loops=1)
        -> Table scan on <temporary>  (actual time=2796..2866 rows=864341 loops=1)
            -> Aggregate using temporary table  (actual time=2796..2796 rows=864340 loops=1)
                -> Filter: (OS.created_at >= TIMESTAMP'2020-01-01 00:00:00')  (cost=185029 rows=909616) (actual time=0.0362..330 rows=2e+6 loops=1)
                    -> Covering index range scan on OS using order_statistics_created_at_IDX over ('2020-01-01 00:00:00.000000' <= created_at)  (cost=185029 rows=909616) (actual time=0.034..259 rows=2e+6 loops=1)

```

## ê²°ë¡ 

- ë¶ˆí•„ìš”í•œ ì¡°ì¸ì€ ë˜ë„ë¡ ì œê±°í•˜ë„ë¡ í•˜ì!
  - ì¡°ì¸í•  ë•Œ, ë“œë¦¬ë¸ í…Œì´ë¸”ê³¼ ë“œë¼ì´ë¹™ í…Œì´ë¸”ì„ ìƒê°í•´ë³´ì! 
  - í•œë°© ì¿¼ë¦¬ë³´ë‹¤ ì—¬ëŸ¬ ê°œì˜ ì¿¼ë¦¬ë¡œ ë‚˜ëˆ ì„œ ë‚ ë ¤ë³´ì!

- ìœ ì € ê²½í—˜ì„ ìµœëŒ€í•œ ë†’ì´ê¸° ìœ„í•´ì„œëŠ” 250ms ~ 750ms ì‚¬ì´ ë‚´ì— ì¡°íšŒë˜ì–´ì•¼ í•  ê²ƒ ê°™ë‹¤...
  - Materialized View ë¥¼ ì ìš©í•´ë³´ì!